2024-10-26 14:16:53,502:INFO:Переключено на базу данных C:\USERS\FGGHY\SOURCE\REPOS\LAB\LAB\APP_DATA\PRODUCT.MDF
2024-10-26 14:17:02,209:INFO:Получена схема таблицы Products
2024-10-26 14:17:02,210:INFO:Сгенерировано 10 записей для таблицы Products
2024-10-26 14:17:02,277:INFO:Сгенерировано 10 SQL-запросов для вставки данных в таблицу Products
2024-10-26 14:17:03,354:INFO:Успешно выполнено 10 запросов.
2024-10-26 14:17:05,265:INFO:Получена схема таблицы Sotrudniki
2024-10-26 14:17:05,266:INFO:Сгенерировано 10 записей для таблицы Sotrudniki
2024-10-26 14:17:05,352:INFO:Сгенерировано 10 SQL-запросов для вставки данных в таблицу Sotrudniki
2024-10-26 14:17:06,273:INFO:Успешно выполнено 10 запросов.
2024-10-26 14:17:07,698:INFO:Получена схема таблицы Clients
2024-10-26 14:17:07,699:INFO:Сгенерировано 10 записей для таблицы Clients
2024-10-26 14:17:07,764:INFO:Сгенерировано 10 SQL-запросов для вставки данных в таблицу Clients
2024-10-26 14:17:08,510:INFO:Успешно выполнено 10 запросов.
2024-10-26 14:17:09,901:INFO:Получена схема таблицы Zakazy
2024-10-26 14:17:09,902:INFO:Сгенерировано 10 записей для таблицы Zakazy
2024-10-26 14:17:09,981:INFO:Сгенерировано 10 SQL-запросов для вставки данных в таблицу Zakazy
2024-10-26 14:17:48,187:ERROR:Ошибка при выполнении запросов: ('23000', '[23000] [Microsoft][ODBC Driver 17 for SQL Server][SQL Server]The INSERT statement conflicted with the FOREIGN KEY constraint "FK__Zakazy__ID_клиен__36B12243". The conflict occurred in database "C:\\USERS\\FGGHY\\SOURCE\\REPOS\\LAB\\LAB\\APP_DATA\\PRODUCT.MDF", table "dbo.Clients", column \'ID_клиента\'. (547) (SQLExecDirectW); [23000] [Microsoft][ODBC Driver 17 for SQL Server][SQL Server]The statement has been terminated. (3621)')
2024-10-26 14:17:51,039:INFO:Получена схема таблицы Users
2024-10-26 14:17:51,040:WARNING:Обрезано значение для столбца Username: невыносимый до длины 10
2024-10-26 14:17:51,040:WARNING:Обрезано значение для столбца Password: командующий до длины 10
2024-10-26 14:17:51,040:WARNING:Обрезано значение для столбца Email: социалистический до длины 10
2024-10-26 14:17:51,040:WARNING:Обрезано значение для столбца Id: исследование до длины 10
2024-10-26 14:17:51,040:WARNING:Обрезано значение для столбца Username: развернуться до длины 10
2024-10-26 14:17:51,040:WARNING:Обрезано значение для столбца Password: возмутиться до длины 10
2024-10-26 14:17:51,041:WARNING:Обрезано значение для столбца Gender: невыносимый до длины 10
2024-10-26 14:17:51,041:WARNING:Обрезано значение для столбца Id: исследование до длины 10
2024-10-26 14:17:51,041:INFO:Сгенерировано 10 записей для таблицы Users
2024-10-26 14:17:51,113:INFO:Сгенерировано 10 SQL-запросов для вставки данных в таблицу Users
2024-10-26 14:17:51,970:INFO:Успешно выполнено 10 запросов.
